<?xml version="1.0" encoding="UTF-8"?>
<testsuite name="hello.FileUploadTests" tests="3" skipped="0" failures="0" errors="0" timestamp="2017-05-29T16:13:35" hostname="tramteja" time="0.018">
  <properties/>
  <testcase name="shouldSaveUploadedFile" classname="hello.FileUploadTests" time="0.005"/>
  <testcase name="should404WhenMissingFile" classname="hello.FileUploadTests" time="0.005"/>
  <testcase name="shouldListAllFiles" classname="hello.FileUploadTests" time="0.005"/>
  <system-out><![CDATA[2017-05-29 12:13:33.003  INFO 10338 --- [    Test worker] .b.t.c.SpringBootTestContextBootstrapper : Neither @ContextConfiguration nor @ContextHierarchy found for test class [hello.FileUploadTests], using SpringBootContextLoader
2017-05-29 12:13:33.005  INFO 10338 --- [    Test worker] o.s.t.c.support.AbstractContextLoader    : Could not detect default resource locations for test class [hello.FileUploadTests]: no resource found for suffixes {-context.xml, Context.groovy}.
2017-05-29 12:13:33.006  INFO 10338 --- [    Test worker] t.c.s.AnnotationConfigContextLoaderUtils : Could not detect default configuration classes for test class [hello.FileUploadTests]: FileUploadTests does not declare any static, non-private, non-final, nested classes annotated with @Configuration.
2017-05-29 12:13:33.030  INFO 10338 --- [    Test worker] .b.t.c.SpringBootTestContextBootstrapper : Found @SpringBootConfiguration hello.Application for test class hello.FileUploadTests
2017-05-29 12:13:33.034  INFO 10338 --- [    Test worker] .b.t.c.SpringBootTestContextBootstrapper : Loaded default TestExecutionListener class names from location [META-INF/spring.factories]: [org.springframework.boot.test.mock.mockito.MockitoTestExecutionListener, org.springframework.boot.test.mock.mockito.ResetMocksTestExecutionListener, org.springframework.boot.test.autoconfigure.restdocs.RestDocsTestExecutionListener, org.springframework.boot.test.autoconfigure.web.client.MockRestServiceServerResetTestExecutionListener, org.springframework.boot.test.autoconfigure.web.servlet.MockMvcPrintOnlyOnFailureTestExecutionListener, org.springframework.boot.test.autoconfigure.web.servlet.WebDriverTestExecutionListener, org.springframework.test.context.web.ServletTestExecutionListener, org.springframework.test.context.support.DirtiesContextBeforeModesTestExecutionListener, org.springframework.test.context.support.DependencyInjectionTestExecutionListener, org.springframework.test.context.support.DirtiesContextTestExecutionListener, org.springframework.test.context.transaction.TransactionalTestExecutionListener, org.springframework.test.context.jdbc.SqlScriptsTestExecutionListener]
2017-05-29 12:13:33.038  INFO 10338 --- [    Test worker] .b.t.c.SpringBootTestContextBootstrapper : Could not instantiate TestExecutionListener [org.springframework.test.context.transaction.TransactionalTestExecutionListener]. Specify custom listener classes or make the default listener classes (and their required dependencies) available. Offending class: [org/springframework/transaction/TransactionDefinition]
2017-05-29 12:13:33.040  INFO 10338 --- [    Test worker] .b.t.c.SpringBootTestContextBootstrapper : Could not instantiate TestExecutionListener [org.springframework.test.context.jdbc.SqlScriptsTestExecutionListener]. Specify custom listener classes or make the default listener classes (and their required dependencies) available. Offending class: [org/springframework/transaction/interceptor/TransactionAttribute]
2017-05-29 12:13:33.041  INFO 10338 --- [    Test worker] .b.t.c.SpringBootTestContextBootstrapper : Using TestExecutionListeners: [org.springframework.test.context.web.ServletTestExecutionListener@74e0d54d, org.springframework.test.context.support.DirtiesContextBeforeModesTestExecutionListener@3e52df26, org.springframework.boot.test.autoconfigure.SpringBootDependencyInjectionTestExecutionListener@15c93d8c, org.springframework.test.context.support.DirtiesContextTestExecutionListener@2cc54f05, org.springframework.boot.test.autoconfigure.web.client.MockRestServiceServerResetTestExecutionListener@5efdbd6d, org.springframework.boot.test.mock.mockito.MockitoTestExecutionListener@76fef27b, org.springframework.boot.test.autoconfigure.web.servlet.WebDriverTestExecutionListener@2a879475, org.springframework.boot.test.autoconfigure.web.servlet.MockMvcPrintOnlyOnFailureTestExecutionListener@2c3c5b47, org.springframework.boot.test.mock.mockito.ResetMocksTestExecutionListener@1f998d78, org.springframework.boot.test.autoconfigure.restdocs.RestDocsTestExecutionListener@1ef5c9da]

  .   ____          _            __ _ _
 /\\ / ___'_ __ _ _(_)_ __  __ _ \ \ \ \
( ( )\___ | '_ | '_| | '_ \/ _` | \ \ \ \
 \\/  ___)| |_)| | | | | || (_| |  ) ) ) )
  '  |____| .__|_| |_|_| |_\__, | / / / /
 =========|_|==============|___/=/_/_/_/
 :: Spring Boot ::        (v1.5.3.RELEASE)

2017-05-29 12:13:33.151  INFO 10338 --- [    Test worker] hello.FileUploadTests                    : Starting FileUploadTests on tramteja with PID 10338 (started by tramteja in /media/tramteja/Windows/Users/ramteja/Documents/Spring-17/linux_work/work/per-gns-client/gs-uploading-files/complete)
2017-05-29 12:13:33.152  INFO 10338 --- [    Test worker] hello.FileUploadTests                    : No active profile set, falling back to default profiles: default
2017-05-29 12:13:33.159  INFO 10338 --- [    Test worker] o.s.w.c.s.GenericWebApplicationContext   : Refreshing org.springframework.web.context.support.GenericWebApplicationContext@209370cc: startup date [Mon May 29 12:13:33 EDT 2017]; root of context hierarchy
2017-05-29 12:13:34.044  WARN 10338 --- [    Test worker] f.a.AutowiredAnnotationBeanPostProcessor : Autowired annotation is not supported on static fields: private static java.lang.String hello.FileUploadController.myVariable
2017-05-29 12:13:34.495  INFO 10338 --- [    Test worker] o.s.b.t.m.w.SpringBootMockServletContext : Initializing Spring FrameworkServlet ''
2017-05-29 12:13:34.495  INFO 10338 --- [    Test worker] o.s.t.web.servlet.TestDispatcherServlet  : FrameworkServlet '': initialization started
2017-05-29 12:13:34.813  INFO 10338 --- [    Test worker] s.w.s.m.m.a.RequestMappingHandlerMapping : Mapped "{[/home]}" onto public java.lang.String hello.FileUploadController.home(org.springframework.ui.Model) throws java.io.IOException,java.io.FileNotFoundException,java.security.cert.CertificateException,java.security.NoSuchAlgorithmException,java.security.spec.InvalidKeySpecException,org.json.JSONException
2017-05-29 12:13:34.813  INFO 10338 --- [    Test worker] s.w.s.m.m.a.RequestMappingHandlerMapping : Mapped "{[/],methods=[GET]}" onto public java.lang.String hello.FileUploadController.listUploadedFiles(org.springframework.ui.Model) throws java.io.IOException
2017-05-29 12:13:34.813  INFO 10338 --- [    Test worker] s.w.s.m.m.a.RequestMappingHandlerMapping : Mapped "{[/files/{filename:.+}],methods=[GET]}" onto public org.springframework.http.ResponseEntity<org.springframework.core.io.Resource> hello.FileUploadController.serveFile(java.lang.String)
2017-05-29 12:13:34.814  INFO 10338 --- [    Test worker] s.w.s.m.m.a.RequestMappingHandlerMapping : Mapped "{[/makedefaultentry],methods=[POST]}" onto public org.springframework.http.ResponseEntity<?> hello.FileUploadController.makeDefaultEntry(org.springframework.web.multipart.MultipartFile,org.springframework.web.multipart.MultipartFile) throws java.io.IOException
2017-05-29 12:13:34.814  INFO 10338 --- [    Test worker] s.w.s.m.m.a.RequestMappingHandlerMapping : Mapped "{[/uploadkeys],methods=[POST]}" onto public java.lang.String hello.FileUploadController.handleFileUpload(org.springframework.web.multipart.MultipartFile,org.springframework.web.multipart.MultipartFile) throws java.io.IOException
2017-05-29 12:13:34.815  INFO 10338 --- [    Test worker] s.w.s.m.m.a.RequestMappingHandlerMapping : Mapped "{[/dnsrecords]}" onto public java.lang.String hello.FileUploadController.handleUpdateRecords(java.lang.String,java.lang.String,java.lang.String,org.springframework.ui.Model) throws java.io.IOException,java.io.FileNotFoundException,java.security.cert.CertificateException,java.security.NoSuchAlgorithmException,java.security.spec.InvalidKeySpecException
2017-05-29 12:13:34.815  INFO 10338 --- [    Test worker] s.w.s.m.m.a.RequestMappingHandlerMapping : Mapped "{[/logout]}" onto public java.lang.String hello.FileUploadController.handleLogout()
2017-05-29 12:13:34.815  INFO 10338 --- [    Test worker] s.w.s.m.m.a.RequestMappingHandlerMapping : Mapped "{[/error]}" onto public java.lang.String hello.FileUploadController.error()
2017-05-29 12:13:34.871  INFO 10338 --- [    Test worker] o.s.w.s.handler.SimpleUrlHandlerMapping  : Mapped URL path [/webjars/**] onto handler of type [class org.springframework.web.servlet.resource.ResourceHttpRequestHandler]
2017-05-29 12:13:34.872  INFO 10338 --- [    Test worker] o.s.w.s.handler.SimpleUrlHandlerMapping  : Mapped URL path [/**] onto handler of type [class org.springframework.web.servlet.resource.ResourceHttpRequestHandler]
2017-05-29 12:13:34.897  INFO 10338 --- [    Test worker] o.s.w.s.handler.SimpleUrlHandlerMapping  : Mapped URL path [/**/favicon.ico] onto handler of type [class org.springframework.web.servlet.resource.ResourceHttpRequestHandler]
2017-05-29 12:13:34.908  INFO 10338 --- [    Test worker] oConfiguration$WelcomePageHandlerMapping : Adding welcome page: ServletContext resource [/index.html]
2017-05-29 12:13:34.960  INFO 10338 --- [    Test worker] s.w.s.m.m.a.RequestMappingHandlerAdapter : Looking for @ControllerAdvice: org.springframework.web.context.support.GenericWebApplicationContext@209370cc: startup date [Mon May 29 12:13:33 EDT 2017]; root of context hierarchy
2017-05-29 12:13:35.178  INFO 10338 --- [    Test worker] o.s.t.web.servlet.TestDispatcherServlet  : FrameworkServlet '': initialization completed in 682 ms
2017-05-29 12:13:35.431  INFO 10338 --- [    Test worker] hello.FileUploadTests                    : Started FileUploadTests in 2.376 seconds (JVM running for 10.142)
]]></system-out>
  <system-err><![CDATA[]]></system-err>
</testsuite>
