<?xml version="1.0" encoding="UTF-8"?>
<testsuite name="hello.FileUploadIntegrationTests" tests="2" skipped="0" failures="0" errors="0" timestamp="2017-05-29T16:13:32" hostname="tramteja" time="0.027">
  <properties/>
  <testcase name="shouldUploadFile" classname="hello.FileUploadIntegrationTests" time="0.015"/>
  <testcase name="shouldDownloadFile" classname="hello.FileUploadIntegrationTests" time="0.008"/>
  <system-out><![CDATA[12:13:26.290 [Test worker] DEBUG org.springframework.test.context.junit4.SpringJUnit4ClassRunner - SpringJUnit4ClassRunner constructor called with [class hello.FileUploadIntegrationTests]
12:13:26.297 [Test worker] DEBUG org.springframework.test.context.BootstrapUtils - Instantiating CacheAwareContextLoaderDelegate from class [org.springframework.test.context.cache.DefaultCacheAwareContextLoaderDelegate]
12:13:26.309 [Test worker] DEBUG org.springframework.test.context.BootstrapUtils - Instantiating BootstrapContext using constructor [public org.springframework.test.context.support.DefaultBootstrapContext(java.lang.Class,org.springframework.test.context.CacheAwareContextLoaderDelegate)]
12:13:26.331 [Test worker] DEBUG org.springframework.test.context.BootstrapUtils - Instantiating TestContextBootstrapper for test class [hello.FileUploadIntegrationTests] from class [org.springframework.boot.test.context.SpringBootTestContextBootstrapper]
12:13:26.354 [Test worker] INFO org.springframework.boot.test.context.SpringBootTestContextBootstrapper - Neither @ContextConfiguration nor @ContextHierarchy found for test class [hello.FileUploadIntegrationTests], using SpringBootContextLoader
12:13:26.359 [Test worker] DEBUG org.springframework.test.context.support.AbstractContextLoader - Did not detect default resource location for test class [hello.FileUploadIntegrationTests]: class path resource [hello/FileUploadIntegrationTests-context.xml] does not exist
12:13:26.360 [Test worker] DEBUG org.springframework.test.context.support.AbstractContextLoader - Did not detect default resource location for test class [hello.FileUploadIntegrationTests]: class path resource [hello/FileUploadIntegrationTestsContext.groovy] does not exist
12:13:26.360 [Test worker] INFO org.springframework.test.context.support.AbstractContextLoader - Could not detect default resource locations for test class [hello.FileUploadIntegrationTests]: no resource found for suffixes {-context.xml, Context.groovy}.
12:13:26.362 [Test worker] INFO org.springframework.test.context.support.AnnotationConfigContextLoaderUtils - Could not detect default configuration classes for test class [hello.FileUploadIntegrationTests]: FileUploadIntegrationTests does not declare any static, non-private, non-final, nested classes annotated with @Configuration.
12:13:26.438 [Test worker] DEBUG org.springframework.test.context.support.ActiveProfilesUtils - Could not find an 'annotation declaring class' for annotation type [org.springframework.test.context.ActiveProfiles] and class [hello.FileUploadIntegrationTests]
12:13:26.452 [Test worker] DEBUG org.springframework.core.env.StandardEnvironment - Adding [systemProperties] PropertySource with lowest search precedence
12:13:26.453 [Test worker] DEBUG org.springframework.core.env.StandardEnvironment - Adding [systemEnvironment] PropertySource with lowest search precedence
12:13:26.454 [Test worker] DEBUG org.springframework.core.env.StandardEnvironment - Initialized StandardEnvironment with PropertySources [systemProperties,systemEnvironment]
12:13:26.474 [Test worker] DEBUG org.springframework.core.io.support.PathMatchingResourcePatternResolver - Resolved classpath location [hello/] to resources [URL [file:/media/tramteja/Windows/Users/ramteja/Documents/Spring-17/linux_work/work/per-gns-client/gs-uploading-files/complete/build/classes/test/hello/], URL [file:/media/tramteja/Windows/Users/ramteja/Documents/Spring-17/linux_work/work/per-gns-client/gs-uploading-files/complete/build/resources/test/hello/], URL [file:/media/tramteja/Windows/Users/ramteja/Documents/Spring-17/linux_work/work/per-gns-client/gs-uploading-files/complete/build/classes/main/hello/]]
12:13:26.474 [Test worker] DEBUG org.springframework.core.io.support.PathMatchingResourcePatternResolver - Looking for matching resources in directory tree [/media/tramteja/Windows/Users/ramteja/Documents/Spring-17/linux_work/work/per-gns-client/gs-uploading-files/complete/build/classes/test/hello]
12:13:26.475 [Test worker] DEBUG org.springframework.core.io.support.PathMatchingResourcePatternResolver - Searching directory [/media/tramteja/Windows/Users/ramteja/Documents/Spring-17/linux_work/work/per-gns-client/gs-uploading-files/complete/build/classes/test/hello] for files matching pattern [/media/tramteja/Windows/Users/ramteja/Documents/Spring-17/linux_work/work/per-gns-client/gs-uploading-files/complete/build/classes/test/hello/*.class]
12:13:26.482 [Test worker] DEBUG org.springframework.core.io.support.PathMatchingResourcePatternResolver - Looking for matching resources in directory tree [/media/tramteja/Windows/Users/ramteja/Documents/Spring-17/linux_work/work/per-gns-client/gs-uploading-files/complete/build/resources/test/hello]
12:13:26.483 [Test worker] DEBUG org.springframework.core.io.support.PathMatchingResourcePatternResolver - Searching directory [/media/tramteja/Windows/Users/ramteja/Documents/Spring-17/linux_work/work/per-gns-client/gs-uploading-files/complete/build/resources/test/hello] for files matching pattern [/media/tramteja/Windows/Users/ramteja/Documents/Spring-17/linux_work/work/per-gns-client/gs-uploading-files/complete/build/resources/test/hello/*.class]
12:13:26.484 [Test worker] DEBUG org.springframework.core.io.support.PathMatchingResourcePatternResolver - Looking for matching resources in directory tree [/media/tramteja/Windows/Users/ramteja/Documents/Spring-17/linux_work/work/per-gns-client/gs-uploading-files/complete/build/classes/main/hello]
12:13:26.484 [Test worker] DEBUG org.springframework.core.io.support.PathMatchingResourcePatternResolver - Searching directory [/media/tramteja/Windows/Users/ramteja/Documents/Spring-17/linux_work/work/per-gns-client/gs-uploading-files/complete/build/classes/main/hello] for files matching pattern [/media/tramteja/Windows/Users/ramteja/Documents/Spring-17/linux_work/work/per-gns-client/gs-uploading-files/complete/build/classes/main/hello/*.class]
12:13:26.486 [Test worker] DEBUG org.springframework.core.io.support.PathMatchingResourcePatternResolver - Resolved location pattern [classpath*:hello/*.class] to resources [file [/media/tramteja/Windows/Users/ramteja/Documents/Spring-17/linux_work/work/per-gns-client/gs-uploading-files/complete/build/classes/test/hello/FileUploadIntegrationTests.class], file [/media/tramteja/Windows/Users/ramteja/Documents/Spring-17/linux_work/work/per-gns-client/gs-uploading-files/complete/build/classes/test/hello/FileUploadTests.class], file [/media/tramteja/Windows/Users/ramteja/Documents/Spring-17/linux_work/work/per-gns-client/gs-uploading-files/complete/build/classes/main/hello/Application.class], file [/media/tramteja/Windows/Users/ramteja/Documents/Spring-17/linux_work/work/per-gns-client/gs-uploading-files/complete/build/classes/main/hello/FileUploadController.class]]
12:13:26.566 [Test worker] DEBUG org.springframework.context.annotation.ClassPathScanningCandidateComponentProvider - Identified candidate component class: file [/media/tramteja/Windows/Users/ramteja/Documents/Spring-17/linux_work/work/per-gns-client/gs-uploading-files/complete/build/classes/main/hello/Application.class]
12:13:26.582 [Test worker] INFO org.springframework.boot.test.context.SpringBootTestContextBootstrapper - Found @SpringBootConfiguration hello.Application for test class hello.FileUploadIntegrationTests
12:13:26.585 [Test worker] DEBUG org.springframework.boot.test.context.SpringBootTestContextBootstrapper - @TestExecutionListeners is not present for class [hello.FileUploadIntegrationTests]: using defaults.
12:13:26.589 [Test worker] INFO org.springframework.boot.test.context.SpringBootTestContextBootstrapper - Loaded default TestExecutionListener class names from location [META-INF/spring.factories]: [org.springframework.boot.test.mock.mockito.MockitoTestExecutionListener, org.springframework.boot.test.mock.mockito.ResetMocksTestExecutionListener, org.springframework.boot.test.autoconfigure.restdocs.RestDocsTestExecutionListener, org.springframework.boot.test.autoconfigure.web.client.MockRestServiceServerResetTestExecutionListener, org.springframework.boot.test.autoconfigure.web.servlet.MockMvcPrintOnlyOnFailureTestExecutionListener, org.springframework.boot.test.autoconfigure.web.servlet.WebDriverTestExecutionListener, org.springframework.test.context.web.ServletTestExecutionListener, org.springframework.test.context.support.DirtiesContextBeforeModesTestExecutionListener, org.springframework.test.context.support.DependencyInjectionTestExecutionListener, org.springframework.test.context.support.DirtiesContextTestExecutionListener, org.springframework.test.context.transaction.TransactionalTestExecutionListener, org.springframework.test.context.jdbc.SqlScriptsTestExecutionListener]
12:13:26.616 [Test worker] INFO org.springframework.boot.test.context.SpringBootTestContextBootstrapper - Could not instantiate TestExecutionListener [org.springframework.test.context.transaction.TransactionalTestExecutionListener]. Specify custom listener classes or make the default listener classes (and their required dependencies) available. Offending class: [org/springframework/transaction/TransactionDefinition]
12:13:26.618 [Test worker] INFO org.springframework.boot.test.context.SpringBootTestContextBootstrapper - Could not instantiate TestExecutionListener [org.springframework.test.context.jdbc.SqlScriptsTestExecutionListener]. Specify custom listener classes or make the default listener classes (and their required dependencies) available. Offending class: [org/springframework/transaction/interceptor/TransactionAttribute]
12:13:26.619 [Test worker] INFO org.springframework.boot.test.context.SpringBootTestContextBootstrapper - Using TestExecutionListeners: [org.springframework.test.context.web.ServletTestExecutionListener@1fd8bd03, org.springframework.test.context.support.DirtiesContextBeforeModesTestExecutionListener@40bd0172, org.springframework.boot.test.autoconfigure.SpringBootDependencyInjectionTestExecutionListener@425ea814, org.springframework.test.context.support.DirtiesContextTestExecutionListener@4c5281b3, org.springframework.boot.test.autoconfigure.web.client.MockRestServiceServerResetTestExecutionListener@16380d9f, org.springframework.boot.test.mock.mockito.MockitoTestExecutionListener@3e2638bb, org.springframework.boot.test.autoconfigure.web.servlet.WebDriverTestExecutionListener@90f2963, org.springframework.boot.test.autoconfigure.web.servlet.MockMvcPrintOnlyOnFailureTestExecutionListener@51086ee8, org.springframework.boot.test.mock.mockito.ResetMocksTestExecutionListener@70ac5a3, org.springframework.boot.test.autoconfigure.restdocs.RestDocsTestExecutionListener@8e6c619]
12:13:26.625 [Test worker] DEBUG org.springframework.test.annotation.ProfileValueUtils - Retrieved @ProfileValueSourceConfiguration [null] for test class [hello.FileUploadIntegrationTests]
12:13:26.626 [Test worker] DEBUG org.springframework.test.annotation.ProfileValueUtils - Retrieved ProfileValueSource type [class org.springframework.test.annotation.SystemProfileValueSource] for class [hello.FileUploadIntegrationTests]
12:13:26.627 [Test worker] DEBUG org.springframework.test.annotation.ProfileValueUtils - Retrieved @ProfileValueSourceConfiguration [null] for test class [hello.FileUploadIntegrationTests]
12:13:26.627 [Test worker] DEBUG org.springframework.test.annotation.ProfileValueUtils - Retrieved ProfileValueSource type [class org.springframework.test.annotation.SystemProfileValueSource] for class [hello.FileUploadIntegrationTests]
12:13:26.633 [Test worker] DEBUG org.springframework.test.context.support.AbstractDirtiesContextTestExecutionListener - Before test class: context [DefaultTestContext@622ca8e4 testClass = FileUploadIntegrationTests, testInstance = [null], testMethod = [null], testException = [null], mergedContextConfiguration = [WebMergedContextConfiguration@78708c27 testClass = FileUploadIntegrationTests, locations = '{}', classes = '{class hello.Application}', contextInitializerClasses = '[]', activeProfiles = '{}', propertySourceLocations = '{}', propertySourceProperties = '{org.springframework.boot.test.context.SpringBootTestContextBootstrapper=true, server.port=0}', contextCustomizers = set[org.springframework.boot.test.context.SpringBootTestContextCustomizer@3efb7e4c, org.springframework.boot.test.context.filter.ExcludeFilterContextCustomizer@63d5b4b7, org.springframework.boot.test.mock.mockito.MockitoContextCustomizer@1184ca87, org.springframework.boot.test.autoconfigure.properties.PropertyMappingContextCustomizer@0, org.springframework.boot.test.autoconfigure.web.servlet.WebDriverContextCustomizerFactory$Customizer@113b56c1], resourceBasePath = 'src/main/webapp', contextLoader = 'org.springframework.boot.test.context.SpringBootContextLoader', parent = [null]]], class annotated with @DirtiesContext [false] with mode [null].
12:13:26.634 [Test worker] DEBUG org.springframework.test.annotation.ProfileValueUtils - Retrieved @ProfileValueSourceConfiguration [null] for test class [hello.FileUploadIntegrationTests]
12:13:26.635 [Test worker] DEBUG org.springframework.test.annotation.ProfileValueUtils - Retrieved ProfileValueSource type [class org.springframework.test.annotation.SystemProfileValueSource] for class [hello.FileUploadIntegrationTests]
12:13:26.637 [Test worker] DEBUG org.springframework.test.context.support.DependencyInjectionTestExecutionListener - Performing dependency injection for test context [[DefaultTestContext@622ca8e4 testClass = FileUploadIntegrationTests, testInstance = hello.FileUploadIntegrationTests@f7c5ddd, testMethod = [null], testException = [null], mergedContextConfiguration = [WebMergedContextConfiguration@78708c27 testClass = FileUploadIntegrationTests, locations = '{}', classes = '{class hello.Application}', contextInitializerClasses = '[]', activeProfiles = '{}', propertySourceLocations = '{}', propertySourceProperties = '{org.springframework.boot.test.context.SpringBootTestContextBootstrapper=true, server.port=0}', contextCustomizers = set[org.springframework.boot.test.context.SpringBootTestContextCustomizer@3efb7e4c, org.springframework.boot.test.context.filter.ExcludeFilterContextCustomizer@63d5b4b7, org.springframework.boot.test.mock.mockito.MockitoContextCustomizer@1184ca87, org.springframework.boot.test.autoconfigure.properties.PropertyMappingContextCustomizer@0, org.springframework.boot.test.autoconfigure.web.servlet.WebDriverContextCustomizerFactory$Customizer@113b56c1], resourceBasePath = 'src/main/webapp', contextLoader = 'org.springframework.boot.test.context.SpringBootContextLoader', parent = [null]]]].
12:13:26.755 [Test worker] DEBUG org.springframework.core.env.StandardEnvironment - Adding [systemProperties] PropertySource with lowest search precedence
12:13:26.755 [Test worker] DEBUG org.springframework.core.env.StandardEnvironment - Adding [systemEnvironment] PropertySource with lowest search precedence
12:13:26.756 [Test worker] DEBUG org.springframework.core.env.StandardEnvironment - Initialized StandardEnvironment with PropertySources [systemProperties,systemEnvironment]
12:13:26.756 [Test worker] DEBUG org.springframework.test.context.support.TestPropertySourceUtils - Adding inlined properties to environment: {spring.jmx.enabled=false, org.springframework.boot.test.context.SpringBootTestContextBootstrapper=true, server.port=0}
12:13:26.756 [Test worker] DEBUG org.springframework.core.env.StandardEnvironment - Adding [Inlined Test Properties] PropertySource with highest search precedence

  .   ____          _            __ _ _
 /\\ / ___'_ __ _ _(_)_ __  __ _ \ \ \ \
( ( )\___ | '_ | '_| | '_ \/ _` | \ \ \ \
 \\/  ___)| |_)| | | | | || (_| |  ) ) ) )
  '  |____| .__|_| |_|_| |_\__, | / / / /
 =========|_|==============|___/=/_/_/_/
 :: Spring Boot ::        (v1.5.3.RELEASE)

2017-05-29 12:13:27.320  INFO 10338 --- [    Test worker] hello.FileUploadIntegrationTests         : Starting FileUploadIntegrationTests on tramteja with PID 10338 (started by tramteja in /media/tramteja/Windows/Users/ramteja/Documents/Spring-17/linux_work/work/per-gns-client/gs-uploading-files/complete)
2017-05-29 12:13:27.321  INFO 10338 --- [    Test worker] hello.FileUploadIntegrationTests         : No active profile set, falling back to default profiles: default
2017-05-29 12:13:27.712  INFO 10338 --- [    Test worker] ationConfigEmbeddedWebApplicationContext : Refreshing org.springframework.boot.context.embedded.AnnotationConfigEmbeddedWebApplicationContext@483b924: startup date [Mon May 29 12:13:27 EDT 2017]; root of context hierarchy
2017-05-29 12:13:30.221  INFO 10338 --- [    Test worker] s.b.c.e.t.TomcatEmbeddedServletContainer : Tomcat initialized with port(s): 0 (http)
2017-05-29 12:13:30.237  INFO 10338 --- [    Test worker] o.apache.catalina.core.StandardService   : Starting service Tomcat
2017-05-29 12:13:30.240  INFO 10338 --- [    Test worker] org.apache.catalina.core.StandardEngine  : Starting Servlet Engine: Apache Tomcat/8.5.14
2017-05-29 12:13:30.394  INFO 10338 --- [ost-startStop-1] o.a.c.c.C.[Tomcat].[localhost].[/]       : Initializing Spring embedded WebApplicationContext
2017-05-29 12:13:30.394  INFO 10338 --- [ost-startStop-1] o.s.web.context.ContextLoader            : Root WebApplicationContext: initialization completed in 2685 ms
2017-05-29 12:13:30.601  INFO 10338 --- [ost-startStop-1] o.s.b.w.servlet.ServletRegistrationBean  : Mapping servlet: 'dispatcherServlet' to [/]
2017-05-29 12:13:30.611  INFO 10338 --- [ost-startStop-1] o.s.b.w.servlet.FilterRegistrationBean   : Mapping filter: 'characterEncodingFilter' to: [/*]
2017-05-29 12:13:30.612  INFO 10338 --- [ost-startStop-1] o.s.b.w.servlet.FilterRegistrationBean   : Mapping filter: 'hiddenHttpMethodFilter' to: [/*]
2017-05-29 12:13:30.612  INFO 10338 --- [ost-startStop-1] o.s.b.w.servlet.FilterRegistrationBean   : Mapping filter: 'httpPutFormContentFilter' to: [/*]
2017-05-29 12:13:30.613  INFO 10338 --- [ost-startStop-1] o.s.b.w.servlet.FilterRegistrationBean   : Mapping filter: 'requestContextFilter' to: [/*]
2017-05-29 12:13:31.300  WARN 10338 --- [    Test worker] f.a.AutowiredAnnotationBeanPostProcessor : Autowired annotation is not supported on static fields: private static java.lang.String hello.FileUploadController.myVariable
2017-05-29 12:13:31.683  INFO 10338 --- [    Test worker] s.w.s.m.m.a.RequestMappingHandlerAdapter : Looking for @ControllerAdvice: org.springframework.boot.context.embedded.AnnotationConfigEmbeddedWebApplicationContext@483b924: startup date [Mon May 29 12:13:27 EDT 2017]; root of context hierarchy
2017-05-29 12:13:31.836  INFO 10338 --- [    Test worker] s.w.s.m.m.a.RequestMappingHandlerMapping : Mapped "{[/home]}" onto public java.lang.String hello.FileUploadController.home(org.springframework.ui.Model) throws java.io.IOException,java.io.FileNotFoundException,java.security.cert.CertificateException,java.security.NoSuchAlgorithmException,java.security.spec.InvalidKeySpecException,org.json.JSONException
2017-05-29 12:13:31.838  INFO 10338 --- [    Test worker] s.w.s.m.m.a.RequestMappingHandlerMapping : Mapped "{[/],methods=[GET]}" onto public java.lang.String hello.FileUploadController.listUploadedFiles(org.springframework.ui.Model) throws java.io.IOException
2017-05-29 12:13:31.839  INFO 10338 --- [    Test worker] s.w.s.m.m.a.RequestMappingHandlerMapping : Mapped "{[/files/{filename:.+}],methods=[GET]}" onto public org.springframework.http.ResponseEntity<org.springframework.core.io.Resource> hello.FileUploadController.serveFile(java.lang.String)
2017-05-29 12:13:31.839  INFO 10338 --- [    Test worker] s.w.s.m.m.a.RequestMappingHandlerMapping : Mapped "{[/makedefaultentry],methods=[POST]}" onto public org.springframework.http.ResponseEntity<?> hello.FileUploadController.makeDefaultEntry(org.springframework.web.multipart.MultipartFile,org.springframework.web.multipart.MultipartFile) throws java.io.IOException
2017-05-29 12:13:31.840  INFO 10338 --- [    Test worker] s.w.s.m.m.a.RequestMappingHandlerMapping : Mapped "{[/uploadkeys],methods=[POST]}" onto public java.lang.String hello.FileUploadController.handleFileUpload(org.springframework.web.multipart.MultipartFile,org.springframework.web.multipart.MultipartFile) throws java.io.IOException
2017-05-29 12:13:31.841  INFO 10338 --- [    Test worker] s.w.s.m.m.a.RequestMappingHandlerMapping : Mapped "{[/dnsrecords]}" onto public java.lang.String hello.FileUploadController.handleUpdateRecords(java.lang.String,java.lang.String,java.lang.String,org.springframework.ui.Model) throws java.io.IOException,java.io.FileNotFoundException,java.security.cert.CertificateException,java.security.NoSuchAlgorithmException,java.security.spec.InvalidKeySpecException
2017-05-29 12:13:31.842  INFO 10338 --- [    Test worker] s.w.s.m.m.a.RequestMappingHandlerMapping : Mapped "{[/logout]}" onto public java.lang.String hello.FileUploadController.handleLogout()
2017-05-29 12:13:31.842  INFO 10338 --- [    Test worker] s.w.s.m.m.a.RequestMappingHandlerMapping : Mapped "{[/error]}" onto public java.lang.String hello.FileUploadController.error()
2017-05-29 12:13:31.911  INFO 10338 --- [    Test worker] o.s.w.s.handler.SimpleUrlHandlerMapping  : Mapped URL path [/webjars/**] onto handler of type [class org.springframework.web.servlet.resource.ResourceHttpRequestHandler]
2017-05-29 12:13:31.912  INFO 10338 --- [    Test worker] o.s.w.s.handler.SimpleUrlHandlerMapping  : Mapped URL path [/**] onto handler of type [class org.springframework.web.servlet.resource.ResourceHttpRequestHandler]
2017-05-29 12:13:31.995  INFO 10338 --- [    Test worker] o.s.w.s.handler.SimpleUrlHandlerMapping  : Mapped URL path [/**/favicon.ico] onto handler of type [class org.springframework.web.servlet.resource.ResourceHttpRequestHandler]
2017-05-29 12:13:32.681  INFO 10338 --- [    Test worker] oConfiguration$WelcomePageHandlerMapping : Adding welcome page: class path resource [public/index.html]
2017-05-29 12:13:32.926  INFO 10338 --- [    Test worker] s.b.c.e.t.TomcatEmbeddedServletContainer : Tomcat started on port(s): 33511 (http)
2017-05-29 12:13:32.953  INFO 10338 --- [    Test worker] hello.FileUploadIntegrationTests         : Started FileUploadIntegrationTests in 6.191 seconds (JVM running for 7.664)
]]></system-out>
  <system-err><![CDATA[]]></system-err>
</testsuite>
