<?xml version="1.0" encoding="UTF-8"?>
<testsuite name="hello.FileUploadIntegrationTests" tests="2" skipped="0" failures="0" errors="0" timestamp="2017-05-31T22:56:55" hostname="tramteja" time="0.02">
  <properties/>
  <testcase name="shouldUploadFile" classname="hello.FileUploadIntegrationTests" time="0.014"/>
  <testcase name="shouldDownloadFile" classname="hello.FileUploadIntegrationTests" time="0.004"/>
  <system-out><![CDATA[18:56:49.025 [Test worker] DEBUG org.springframework.test.context.junit4.SpringJUnit4ClassRunner - SpringJUnit4ClassRunner constructor called with [class hello.FileUploadIntegrationTests]
18:56:49.034 [Test worker] DEBUG org.springframework.test.context.BootstrapUtils - Instantiating CacheAwareContextLoaderDelegate from class [org.springframework.test.context.cache.DefaultCacheAwareContextLoaderDelegate]
18:56:49.047 [Test worker] DEBUG org.springframework.test.context.BootstrapUtils - Instantiating BootstrapContext using constructor [public org.springframework.test.context.support.DefaultBootstrapContext(java.lang.Class,org.springframework.test.context.CacheAwareContextLoaderDelegate)]
18:56:49.066 [Test worker] DEBUG org.springframework.test.context.BootstrapUtils - Instantiating TestContextBootstrapper for test class [hello.FileUploadIntegrationTests] from class [org.springframework.boot.test.context.SpringBootTestContextBootstrapper]
18:56:49.090 [Test worker] INFO org.springframework.boot.test.context.SpringBootTestContextBootstrapper - Neither @ContextConfiguration nor @ContextHierarchy found for test class [hello.FileUploadIntegrationTests], using SpringBootContextLoader
18:56:49.096 [Test worker] DEBUG org.springframework.test.context.support.AbstractContextLoader - Did not detect default resource location for test class [hello.FileUploadIntegrationTests]: class path resource [hello/FileUploadIntegrationTests-context.xml] does not exist
18:56:49.096 [Test worker] DEBUG org.springframework.test.context.support.AbstractContextLoader - Did not detect default resource location for test class [hello.FileUploadIntegrationTests]: class path resource [hello/FileUploadIntegrationTestsContext.groovy] does not exist
18:56:49.096 [Test worker] INFO org.springframework.test.context.support.AbstractContextLoader - Could not detect default resource locations for test class [hello.FileUploadIntegrationTests]: no resource found for suffixes {-context.xml, Context.groovy}.
18:56:49.098 [Test worker] INFO org.springframework.test.context.support.AnnotationConfigContextLoaderUtils - Could not detect default configuration classes for test class [hello.FileUploadIntegrationTests]: FileUploadIntegrationTests does not declare any static, non-private, non-final, nested classes annotated with @Configuration.
18:56:49.163 [Test worker] DEBUG org.springframework.test.context.support.ActiveProfilesUtils - Could not find an 'annotation declaring class' for annotation type [org.springframework.test.context.ActiveProfiles] and class [hello.FileUploadIntegrationTests]
18:56:49.177 [Test worker] DEBUG org.springframework.core.env.StandardEnvironment - Adding [systemProperties] PropertySource with lowest search precedence
18:56:49.178 [Test worker] DEBUG org.springframework.core.env.StandardEnvironment - Adding [systemEnvironment] PropertySource with lowest search precedence
18:56:49.178 [Test worker] DEBUG org.springframework.core.env.StandardEnvironment - Initialized StandardEnvironment with PropertySources [systemProperties,systemEnvironment]
18:56:49.194 [Test worker] DEBUG org.springframework.core.io.support.PathMatchingResourcePatternResolver - Resolved classpath location [hello/] to resources [URL [file:/media/tramteja/Windows/Users/ramteja/Documents/Spring-17/linux_work/work/demo/persistent-gns-client/build/classes/test/hello/], URL [file:/media/tramteja/Windows/Users/ramteja/Documents/Spring-17/linux_work/work/demo/persistent-gns-client/build/resources/test/hello/], URL [file:/media/tramteja/Windows/Users/ramteja/Documents/Spring-17/linux_work/work/demo/persistent-gns-client/build/classes/main/hello/]]
18:56:49.195 [Test worker] DEBUG org.springframework.core.io.support.PathMatchingResourcePatternResolver - Looking for matching resources in directory tree [/media/tramteja/Windows/Users/ramteja/Documents/Spring-17/linux_work/work/demo/persistent-gns-client/build/classes/test/hello]
18:56:49.195 [Test worker] DEBUG org.springframework.core.io.support.PathMatchingResourcePatternResolver - Searching directory [/media/tramteja/Windows/Users/ramteja/Documents/Spring-17/linux_work/work/demo/persistent-gns-client/build/classes/test/hello] for files matching pattern [/media/tramteja/Windows/Users/ramteja/Documents/Spring-17/linux_work/work/demo/persistent-gns-client/build/classes/test/hello/*.class]
18:56:49.201 [Test worker] DEBUG org.springframework.core.io.support.PathMatchingResourcePatternResolver - Looking for matching resources in directory tree [/media/tramteja/Windows/Users/ramteja/Documents/Spring-17/linux_work/work/demo/persistent-gns-client/build/resources/test/hello]
18:56:49.202 [Test worker] DEBUG org.springframework.core.io.support.PathMatchingResourcePatternResolver - Searching directory [/media/tramteja/Windows/Users/ramteja/Documents/Spring-17/linux_work/work/demo/persistent-gns-client/build/resources/test/hello] for files matching pattern [/media/tramteja/Windows/Users/ramteja/Documents/Spring-17/linux_work/work/demo/persistent-gns-client/build/resources/test/hello/*.class]
18:56:49.203 [Test worker] DEBUG org.springframework.core.io.support.PathMatchingResourcePatternResolver - Looking for matching resources in directory tree [/media/tramteja/Windows/Users/ramteja/Documents/Spring-17/linux_work/work/demo/persistent-gns-client/build/classes/main/hello]
18:56:49.204 [Test worker] DEBUG org.springframework.core.io.support.PathMatchingResourcePatternResolver - Searching directory [/media/tramteja/Windows/Users/ramteja/Documents/Spring-17/linux_work/work/demo/persistent-gns-client/build/classes/main/hello] for files matching pattern [/media/tramteja/Windows/Users/ramteja/Documents/Spring-17/linux_work/work/demo/persistent-gns-client/build/classes/main/hello/*.class]
18:56:49.205 [Test worker] DEBUG org.springframework.core.io.support.PathMatchingResourcePatternResolver - Resolved location pattern [classpath*:hello/*.class] to resources [file [/media/tramteja/Windows/Users/ramteja/Documents/Spring-17/linux_work/work/demo/persistent-gns-client/build/classes/test/hello/FileUploadIntegrationTests.class], file [/media/tramteja/Windows/Users/ramteja/Documents/Spring-17/linux_work/work/demo/persistent-gns-client/build/classes/test/hello/FileUploadTests.class], file [/media/tramteja/Windows/Users/ramteja/Documents/Spring-17/linux_work/work/demo/persistent-gns-client/build/classes/main/hello/Application.class], file [/media/tramteja/Windows/Users/ramteja/Documents/Spring-17/linux_work/work/demo/persistent-gns-client/build/classes/main/hello/FileUploadController.class]]
18:56:49.281 [Test worker] DEBUG org.springframework.context.annotation.ClassPathScanningCandidateComponentProvider - Identified candidate component class: file [/media/tramteja/Windows/Users/ramteja/Documents/Spring-17/linux_work/work/demo/persistent-gns-client/build/classes/main/hello/Application.class]
18:56:49.297 [Test worker] INFO org.springframework.boot.test.context.SpringBootTestContextBootstrapper - Found @SpringBootConfiguration hello.Application for test class hello.FileUploadIntegrationTests
18:56:49.300 [Test worker] DEBUG org.springframework.boot.test.context.SpringBootTestContextBootstrapper - @TestExecutionListeners is not present for class [hello.FileUploadIntegrationTests]: using defaults.
18:56:49.304 [Test worker] INFO org.springframework.boot.test.context.SpringBootTestContextBootstrapper - Loaded default TestExecutionListener class names from location [META-INF/spring.factories]: [org.springframework.boot.test.mock.mockito.MockitoTestExecutionListener, org.springframework.boot.test.mock.mockito.ResetMocksTestExecutionListener, org.springframework.boot.test.autoconfigure.restdocs.RestDocsTestExecutionListener, org.springframework.boot.test.autoconfigure.web.client.MockRestServiceServerResetTestExecutionListener, org.springframework.boot.test.autoconfigure.web.servlet.MockMvcPrintOnlyOnFailureTestExecutionListener, org.springframework.boot.test.autoconfigure.web.servlet.WebDriverTestExecutionListener, org.springframework.test.context.web.ServletTestExecutionListener, org.springframework.test.context.support.DirtiesContextBeforeModesTestExecutionListener, org.springframework.test.context.support.DependencyInjectionTestExecutionListener, org.springframework.test.context.support.DirtiesContextTestExecutionListener, org.springframework.test.context.transaction.TransactionalTestExecutionListener, org.springframework.test.context.jdbc.SqlScriptsTestExecutionListener]
18:56:49.324 [Test worker] INFO org.springframework.boot.test.context.SpringBootTestContextBootstrapper - Could not instantiate TestExecutionListener [org.springframework.test.context.transaction.TransactionalTestExecutionListener]. Specify custom listener classes or make the default listener classes (and their required dependencies) available. Offending class: [org/springframework/transaction/TransactionDefinition]
18:56:49.328 [Test worker] INFO org.springframework.boot.test.context.SpringBootTestContextBootstrapper - Could not instantiate TestExecutionListener [org.springframework.test.context.jdbc.SqlScriptsTestExecutionListener]. Specify custom listener classes or make the default listener classes (and their required dependencies) available. Offending class: [org/springframework/transaction/interceptor/TransactionAttribute]
18:56:49.328 [Test worker] INFO org.springframework.boot.test.context.SpringBootTestContextBootstrapper - Using TestExecutionListeners: [org.springframework.test.context.web.ServletTestExecutionListener@48354a3c, org.springframework.test.context.support.DirtiesContextBeforeModesTestExecutionListener@3c725f85, org.springframework.boot.test.autoconfigure.SpringBootDependencyInjectionTestExecutionListener@1b636808, org.springframework.test.context.support.DirtiesContextTestExecutionListener@2c3b0981, org.springframework.boot.test.autoconfigure.restdocs.RestDocsTestExecutionListener@4e3dc290, org.springframework.boot.test.mock.mockito.ResetMocksTestExecutionListener@601d32a5, org.springframework.boot.test.mock.mockito.MockitoTestExecutionListener@603e2586, org.springframework.boot.test.autoconfigure.web.client.MockRestServiceServerResetTestExecutionListener@14bd4f01, org.springframework.boot.test.autoconfigure.web.servlet.WebDriverTestExecutionListener@34342644, org.springframework.boot.test.autoconfigure.web.servlet.MockMvcPrintOnlyOnFailureTestExecutionListener@3db5a27d]
18:56:49.333 [Test worker] DEBUG org.springframework.test.annotation.ProfileValueUtils - Retrieved @ProfileValueSourceConfiguration [null] for test class [hello.FileUploadIntegrationTests]
18:56:49.334 [Test worker] DEBUG org.springframework.test.annotation.ProfileValueUtils - Retrieved ProfileValueSource type [class org.springframework.test.annotation.SystemProfileValueSource] for class [hello.FileUploadIntegrationTests]
18:56:49.335 [Test worker] DEBUG org.springframework.test.annotation.ProfileValueUtils - Retrieved @ProfileValueSourceConfiguration [null] for test class [hello.FileUploadIntegrationTests]
18:56:49.336 [Test worker] DEBUG org.springframework.test.annotation.ProfileValueUtils - Retrieved ProfileValueSource type [class org.springframework.test.annotation.SystemProfileValueSource] for class [hello.FileUploadIntegrationTests]
18:56:49.340 [Test worker] DEBUG org.springframework.test.context.support.AbstractDirtiesContextTestExecutionListener - Before test class: context [DefaultTestContext@2b8ba4cb testClass = FileUploadIntegrationTests, testInstance = [null], testMethod = [null], testException = [null], mergedContextConfiguration = [WebMergedContextConfiguration@58c19226 testClass = FileUploadIntegrationTests, locations = '{}', classes = '{class hello.Application}', contextInitializerClasses = '[]', activeProfiles = '{}', propertySourceLocations = '{}', propertySourceProperties = '{org.springframework.boot.test.context.SpringBootTestContextBootstrapper=true, server.port=0}', contextCustomizers = set[org.springframework.boot.test.context.SpringBootTestContextCustomizer@213776ae, org.springframework.boot.test.context.filter.ExcludeFilterContextCustomizer@6dfe6d4a, org.springframework.boot.test.mock.mockito.MockitoContextCustomizer@46cdb2d9, org.springframework.boot.test.autoconfigure.properties.PropertyMappingContextCustomizer@0, org.springframework.boot.test.autoconfigure.web.servlet.WebDriverContextCustomizerFactory$Customizer@2068b52f], resourceBasePath = 'src/main/webapp', contextLoader = 'org.springframework.boot.test.context.SpringBootContextLoader', parent = [null]]], class annotated with @DirtiesContext [false] with mode [null].
18:56:49.341 [Test worker] DEBUG org.springframework.test.annotation.ProfileValueUtils - Retrieved @ProfileValueSourceConfiguration [null] for test class [hello.FileUploadIntegrationTests]
18:56:49.341 [Test worker] DEBUG org.springframework.test.annotation.ProfileValueUtils - Retrieved ProfileValueSource type [class org.springframework.test.annotation.SystemProfileValueSource] for class [hello.FileUploadIntegrationTests]
18:56:49.343 [Test worker] DEBUG org.springframework.test.context.support.DependencyInjectionTestExecutionListener - Performing dependency injection for test context [[DefaultTestContext@2b8ba4cb testClass = FileUploadIntegrationTests, testInstance = hello.FileUploadIntegrationTests@514f6bca, testMethod = [null], testException = [null], mergedContextConfiguration = [WebMergedContextConfiguration@58c19226 testClass = FileUploadIntegrationTests, locations = '{}', classes = '{class hello.Application}', contextInitializerClasses = '[]', activeProfiles = '{}', propertySourceLocations = '{}', propertySourceProperties = '{org.springframework.boot.test.context.SpringBootTestContextBootstrapper=true, server.port=0}', contextCustomizers = set[org.springframework.boot.test.context.SpringBootTestContextCustomizer@213776ae, org.springframework.boot.test.context.filter.ExcludeFilterContextCustomizer@6dfe6d4a, org.springframework.boot.test.mock.mockito.MockitoContextCustomizer@46cdb2d9, org.springframework.boot.test.autoconfigure.properties.PropertyMappingContextCustomizer@0, org.springframework.boot.test.autoconfigure.web.servlet.WebDriverContextCustomizerFactory$Customizer@2068b52f], resourceBasePath = 'src/main/webapp', contextLoader = 'org.springframework.boot.test.context.SpringBootContextLoader', parent = [null]]]].
18:56:49.450 [Test worker] DEBUG org.springframework.core.env.StandardEnvironment - Adding [systemProperties] PropertySource with lowest search precedence
18:56:49.450 [Test worker] DEBUG org.springframework.core.env.StandardEnvironment - Adding [systemEnvironment] PropertySource with lowest search precedence
18:56:49.451 [Test worker] DEBUG org.springframework.core.env.StandardEnvironment - Initialized StandardEnvironment with PropertySources [systemProperties,systemEnvironment]
18:56:49.452 [Test worker] DEBUG org.springframework.test.context.support.TestPropertySourceUtils - Adding inlined properties to environment: {spring.jmx.enabled=false, org.springframework.boot.test.context.SpringBootTestContextBootstrapper=true, server.port=0}
18:56:49.452 [Test worker] DEBUG org.springframework.core.env.StandardEnvironment - Adding [Inlined Test Properties] PropertySource with highest search precedence

  .   ____          _            __ _ _
 /\\ / ___'_ __ _ _(_)_ __  __ _ \ \ \ \
( ( )\___ | '_ | '_| | '_ \/ _` | \ \ \ \
 \\/  ___)| |_)| | | | | || (_| |  ) ) ) )
  '  |____| .__|_| |_|_| |_\__, | / / / /
 =========|_|==============|___/=/_/_/_/
 :: Spring Boot ::        (v1.5.3.RELEASE)

2017-05-31 18:56:49.923  INFO 8365 --- [    Test worker] hello.FileUploadIntegrationTests         : Starting FileUploadIntegrationTests on tramteja with PID 8365 (started by tramteja in /media/tramteja/Windows/Users/ramteja/Documents/Spring-17/linux_work/work/demo/persistent-gns-client)
2017-05-31 18:56:49.925  INFO 8365 --- [    Test worker] hello.FileUploadIntegrationTests         : No active profile set, falling back to default profiles: default
2017-05-31 18:56:50.368  INFO 8365 --- [    Test worker] ationConfigEmbeddedWebApplicationContext : Refreshing org.springframework.boot.context.embedded.AnnotationConfigEmbeddedWebApplicationContext@67c841d1: startup date [Wed May 31 18:56:50 EDT 2017]; root of context hierarchy
2017-05-31 18:56:52.740  INFO 8365 --- [    Test worker] s.b.c.e.t.TomcatEmbeddedServletContainer : Tomcat initialized with port(s): 0 (http)
2017-05-31 18:56:52.757  INFO 8365 --- [    Test worker] o.apache.catalina.core.StandardService   : Starting service Tomcat
2017-05-31 18:56:52.759  INFO 8365 --- [    Test worker] org.apache.catalina.core.StandardEngine  : Starting Servlet Engine: Apache Tomcat/8.5.14
2017-05-31 18:56:52.892  INFO 8365 --- [ost-startStop-1] o.a.c.c.C.[Tomcat].[localhost].[/]       : Initializing Spring embedded WebApplicationContext
2017-05-31 18:56:52.893  INFO 8365 --- [ost-startStop-1] o.s.web.context.ContextLoader            : Root WebApplicationContext: initialization completed in 2564 ms
2017-05-31 18:56:53.140  INFO 8365 --- [ost-startStop-1] o.s.b.w.servlet.ServletRegistrationBean  : Mapping servlet: 'dispatcherServlet' to [/]
2017-05-31 18:56:53.147  INFO 8365 --- [ost-startStop-1] o.s.b.w.servlet.FilterRegistrationBean   : Mapping filter: 'characterEncodingFilter' to: [/*]
2017-05-31 18:56:53.148  INFO 8365 --- [ost-startStop-1] o.s.b.w.servlet.FilterRegistrationBean   : Mapping filter: 'hiddenHttpMethodFilter' to: [/*]
2017-05-31 18:56:53.148  INFO 8365 --- [ost-startStop-1] o.s.b.w.servlet.FilterRegistrationBean   : Mapping filter: 'httpPutFormContentFilter' to: [/*]
2017-05-31 18:56:53.148  INFO 8365 --- [ost-startStop-1] o.s.b.w.servlet.FilterRegistrationBean   : Mapping filter: 'requestContextFilter' to: [/*]
2017-05-31 18:56:54.038  INFO 8365 --- [    Test worker] s.w.s.m.m.a.RequestMappingHandlerAdapter : Looking for @ControllerAdvice: org.springframework.boot.context.embedded.AnnotationConfigEmbeddedWebApplicationContext@67c841d1: startup date [Wed May 31 18:56:50 EDT 2017]; root of context hierarchy
2017-05-31 18:56:54.203  INFO 8365 --- [    Test worker] s.w.s.m.m.a.RequestMappingHandlerMapping : Mapped "{[/home]}" onto public java.lang.String hello.FileUploadController.home(org.springframework.ui.Model) throws java.io.IOException,java.security.cert.CertificateException,java.security.NoSuchAlgorithmException,java.security.spec.InvalidKeySpecException,org.json.JSONException
2017-05-31 18:56:54.205  INFO 8365 --- [    Test worker] s.w.s.m.m.a.RequestMappingHandlerMapping : Mapped "{[/],methods=[GET]}" onto public java.lang.String hello.FileUploadController.showLandingPage() throws java.io.IOException
2017-05-31 18:56:54.206  INFO 8365 --- [    Test worker] s.w.s.m.m.a.RequestMappingHandlerMapping : Mapped "{[/makedefaultentry],methods=[POST]}" onto public org.springframework.http.ResponseEntity<?> hello.FileUploadController.makeDefaultEntry(org.springframework.web.multipart.MultipartFile,org.springframework.web.multipart.MultipartFile) throws java.io.IOException
2017-05-31 18:56:54.207  INFO 8365 --- [    Test worker] s.w.s.m.m.a.RequestMappingHandlerMapping : Mapped "{[/uploadkeys],methods=[POST]}" onto public java.lang.String hello.FileUploadController.handleFileUpload(org.springframework.web.multipart.MultipartFile,org.springframework.web.multipart.MultipartFile) throws java.io.IOException
2017-05-31 18:56:54.208  INFO 8365 --- [    Test worker] s.w.s.m.m.a.RequestMappingHandlerMapping : Mapped "{[/dnsrecords]}" onto public java.lang.String hello.FileUploadController.handleUpdateRecords(java.lang.String,java.lang.String,java.lang.String) throws java.io.IOException,java.io.FileNotFoundException,java.security.cert.CertificateException,java.security.NoSuchAlgorithmException,java.security.spec.InvalidKeySpecException
2017-05-31 18:56:54.209  INFO 8365 --- [    Test worker] s.w.s.m.m.a.RequestMappingHandlerMapping : Mapped "{[/logout]}" onto public java.lang.String hello.FileUploadController.handleLogout()
2017-05-31 18:56:54.213  INFO 8365 --- [    Test worker] s.w.s.m.m.a.RequestMappingHandlerMapping : Mapped "{[/error]}" onto public java.lang.String hello.FileUploadController.error()
2017-05-31 18:56:54.280  INFO 8365 --- [    Test worker] o.s.w.s.handler.SimpleUrlHandlerMapping  : Mapped URL path [/webjars/**] onto handler of type [class org.springframework.web.servlet.resource.ResourceHttpRequestHandler]
2017-05-31 18:56:54.281  INFO 8365 --- [    Test worker] o.s.w.s.handler.SimpleUrlHandlerMapping  : Mapped URL path [/**] onto handler of type [class org.springframework.web.servlet.resource.ResourceHttpRequestHandler]
2017-05-31 18:56:54.371  INFO 8365 --- [    Test worker] o.s.w.s.handler.SimpleUrlHandlerMapping  : Mapped URL path [/**/favicon.ico] onto handler of type [class org.springframework.web.servlet.resource.ResourceHttpRequestHandler]
2017-05-31 18:56:54.989  INFO 8365 --- [    Test worker] oConfiguration$WelcomePageHandlerMapping : Adding welcome page: class path resource [public/index.html]
2017-05-31 18:56:55.172  INFO 8365 --- [    Test worker] s.b.c.e.t.TomcatEmbeddedServletContainer : Tomcat started on port(s): 38687 (http)
2017-05-31 18:56:55.195  INFO 8365 --- [    Test worker] hello.FileUploadIntegrationTests         : Started FileUploadIntegrationTests in 5.739 seconds (JVM running for 7.078)
]]></system-out>
  <system-err><![CDATA[]]></system-err>
</testsuite>
