<?xml version="1.0" encoding="UTF-8"?>
<testsuite name="hello.FileUploadTests" tests="3" skipped="0" failures="0" errors="0" timestamp="2017-05-19T01:56:23" hostname="ip-172-31-29-75" time="0.006">
  <properties/>
  <testcase name="shouldSaveUploadedFile" classname="hello.FileUploadTests" time="0.002"/>
  <testcase name="should404WhenMissingFile" classname="hello.FileUploadTests" time="0.001"/>
  <testcase name="shouldListAllFiles" classname="hello.FileUploadTests" time="0.001"/>
  <system-out><![CDATA[2017-05-19 01:56:22.969  INFO 10388 --- [    Test worker] .b.t.c.SpringBootTestContextBootstrapper : Neither @ContextConfiguration nor @ContextHierarchy found for test class [hello.FileUploadTests], using SpringBootContextLoader
2017-05-19 01:56:22.970  INFO 10388 --- [    Test worker] o.s.t.c.support.AbstractContextLoader    : Could not detect default resource locations for test class [hello.FileUploadTests]: no resource found for suffixes {-context.xml, Context.groovy}.
2017-05-19 01:56:22.970  INFO 10388 --- [    Test worker] t.c.s.AnnotationConfigContextLoaderUtils : Could not detect default configuration classes for test class [hello.FileUploadTests]: FileUploadTests does not declare any static, non-private, non-final, nested classes annotated with @Configuration.
2017-05-19 01:56:22.979  INFO 10388 --- [    Test worker] .b.t.c.SpringBootTestContextBootstrapper : Found @SpringBootConfiguration hello.Application for test class hello.FileUploadTests
2017-05-19 01:56:22.980  INFO 10388 --- [    Test worker] .b.t.c.SpringBootTestContextBootstrapper : Loaded default TestExecutionListener class names from location [META-INF/spring.factories]: [org.springframework.boot.test.mock.mockito.MockitoTestExecutionListener, org.springframework.boot.test.mock.mockito.ResetMocksTestExecutionListener, org.springframework.boot.test.autoconfigure.restdocs.RestDocsTestExecutionListener, org.springframework.boot.test.autoconfigure.web.client.MockRestServiceServerResetTestExecutionListener, org.springframework.boot.test.autoconfigure.web.servlet.MockMvcPrintOnlyOnFailureTestExecutionListener, org.springframework.boot.test.autoconfigure.web.servlet.WebDriverTestExecutionListener, org.springframework.test.context.web.ServletTestExecutionListener, org.springframework.test.context.support.DirtiesContextBeforeModesTestExecutionListener, org.springframework.test.context.support.DependencyInjectionTestExecutionListener, org.springframework.test.context.support.DirtiesContextTestExecutionListener, org.springframework.test.context.transaction.TransactionalTestExecutionListener, org.springframework.test.context.jdbc.SqlScriptsTestExecutionListener]
2017-05-19 01:56:22.982  INFO 10388 --- [    Test worker] .b.t.c.SpringBootTestContextBootstrapper : Could not instantiate TestExecutionListener [org.springframework.test.context.jdbc.SqlScriptsTestExecutionListener]. Specify custom listener classes or make the default listener classes (and their required dependencies) available. Offending class: [org/springframework/transaction/interceptor/TransactionAttribute]
2017-05-19 01:56:22.982  INFO 10388 --- [    Test worker] .b.t.c.SpringBootTestContextBootstrapper : Could not instantiate TestExecutionListener [org.springframework.test.context.transaction.TransactionalTestExecutionListener]. Specify custom listener classes or make the default listener classes (and their required dependencies) available. Offending class: [org/springframework/transaction/TransactionDefinition]
2017-05-19 01:56:22.982  INFO 10388 --- [    Test worker] .b.t.c.SpringBootTestContextBootstrapper : Using TestExecutionListeners: [org.springframework.test.context.web.ServletTestExecutionListener@244a0739, org.springframework.test.context.support.DirtiesContextBeforeModesTestExecutionListener@11cc5efd, org.springframework.boot.test.autoconfigure.SpringBootDependencyInjectionTestExecutionListener@445a72d3, org.springframework.test.context.support.DirtiesContextTestExecutionListener@1cc060c5, org.springframework.boot.test.autoconfigure.web.servlet.MockMvcPrintOnlyOnFailureTestExecutionListener@6847dfab, org.springframework.boot.test.mock.mockito.ResetMocksTestExecutionListener@1b8f4fe8, org.springframework.boot.test.autoconfigure.restdocs.RestDocsTestExecutionListener@cd46aa0, org.springframework.boot.test.autoconfigure.web.servlet.WebDriverTestExecutionListener@130df5b7, org.springframework.boot.test.autoconfigure.web.client.MockRestServiceServerResetTestExecutionListener@4561dafa, org.springframework.boot.test.mock.mockito.MockitoTestExecutionListener@24f02db1]

  .   ____          _            __ _ _
 /\\ / ___'_ __ _ _(_)_ __  __ _ \ \ \ \
( ( )\___ | '_ | '_| | '_ \/ _` | \ \ \ \
 \\/  ___)| |_)| | | | | || (_| |  ) ) ) )
  '  |____| .__|_| |_|_| |_\__, | / / / /
 =========|_|==============|___/=/_/_/_/
 :: Spring Boot ::        (v1.5.3.RELEASE)

2017-05-19 01:56:23.012  INFO 10388 --- [    Test worker] hello.FileUploadTests                    : Starting FileUploadTests on ip-172-31-29-75 with PID 10388 (started by ubuntu in /home/ubuntu/exp/gs-uploading-files/complete)
2017-05-19 01:56:23.012  INFO 10388 --- [    Test worker] hello.FileUploadTests                    : No active profile set, falling back to default profiles: default
2017-05-19 01:56:23.014  INFO 10388 --- [    Test worker] o.s.w.c.s.GenericWebApplicationContext   : Refreshing org.springframework.web.context.support.GenericWebApplicationContext@4b890268: startup date [Fri May 19 01:56:23 UTC 2017]; root of context hierarchy
2017-05-19 01:56:23.373  INFO 10388 --- [    Test worker] o.s.b.t.m.w.SpringBootMockServletContext : Initializing Spring FrameworkServlet ''
2017-05-19 01:56:23.374  INFO 10388 --- [    Test worker] o.s.t.web.servlet.TestDispatcherServlet  : FrameworkServlet '': initialization started
2017-05-19 01:56:23.461  INFO 10388 --- [    Test worker] s.w.s.m.m.a.RequestMappingHandlerMapping : Mapped "{[/home]}" onto public java.lang.String hello.FileUploadController.home(java.lang.String,org.springframework.ui.Model)
2017-05-19 01:56:23.462  INFO 10388 --- [    Test worker] s.w.s.m.m.a.RequestMappingHandlerMapping : Mapped "{[/],methods=[GET]}" onto public java.lang.String hello.FileUploadController.listUploadedFiles(org.springframework.ui.Model) throws java.io.IOException
2017-05-19 01:56:23.462  INFO 10388 --- [    Test worker] s.w.s.m.m.a.RequestMappingHandlerMapping : Mapped "{[/files/{filename:.+}],methods=[GET]}" onto public org.springframework.http.ResponseEntity<org.springframework.core.io.Resource> hello.FileUploadController.serveFile(java.lang.String)
2017-05-19 01:56:23.463  INFO 10388 --- [    Test worker] s.w.s.m.m.a.RequestMappingHandlerMapping : Mapped "{[/],methods=[POST]}" onto public java.lang.String hello.FileUploadController.handleFileUpload(org.springframework.web.multipart.MultipartFile,org.springframework.web.multipart.MultipartFile,org.springframework.web.servlet.mvc.support.RedirectAttributes)
2017-05-19 01:56:23.464  INFO 10388 --- [    Test worker] s.w.s.m.m.a.RequestMappingHandlerMapping : Mapped "{[/error],produces=[text/html]}" onto public org.springframework.web.servlet.ModelAndView org.springframework.boot.autoconfigure.web.BasicErrorController.errorHtml(javax.servlet.http.HttpServletRequest,javax.servlet.http.HttpServletResponse)
2017-05-19 01:56:23.465  INFO 10388 --- [    Test worker] s.w.s.m.m.a.RequestMappingHandlerMapping : Mapped "{[/error]}" onto public org.springframework.http.ResponseEntity<java.util.Map<java.lang.String, java.lang.Object>> org.springframework.boot.autoconfigure.web.BasicErrorController.error(javax.servlet.http.HttpServletRequest)
2017-05-19 01:56:23.490  INFO 10388 --- [    Test worker] o.s.w.s.handler.SimpleUrlHandlerMapping  : Mapped URL path [/webjars/**] onto handler of type [class org.springframework.web.servlet.resource.ResourceHttpRequestHandler]
2017-05-19 01:56:23.490  INFO 10388 --- [    Test worker] o.s.w.s.handler.SimpleUrlHandlerMapping  : Mapped URL path [/**] onto handler of type [class org.springframework.web.servlet.resource.ResourceHttpRequestHandler]
2017-05-19 01:56:23.497  INFO 10388 --- [    Test worker] o.s.w.s.handler.SimpleUrlHandlerMapping  : Mapped URL path [/**/favicon.ico] onto handler of type [class org.springframework.web.servlet.resource.ResourceHttpRequestHandler]
2017-05-19 01:56:23.514  INFO 10388 --- [    Test worker] s.w.s.m.m.a.RequestMappingHandlerAdapter : Looking for @ControllerAdvice: org.springframework.web.context.support.GenericWebApplicationContext@4b890268: startup date [Fri May 19 01:56:23 UTC 2017]; root of context hierarchy
2017-05-19 01:56:23.596  INFO 10388 --- [    Test worker] o.s.t.web.servlet.TestDispatcherServlet  : FrameworkServlet '': initialization completed in 221 ms
2017-05-19 01:56:23.705  INFO 10388 --- [    Test worker] hello.FileUploadTests                    : Started FileUploadTests in 0.716 seconds (JVM running for 4.538)
]]></system-out>
  <system-err><![CDATA[]]></system-err>
</testsuite>
