<?xml version="1.0" encoding="UTF-8"?>
<testsuite name="hello.FileUploadIntegrationTests" tests="2" skipped="0" failures="0" errors="0" timestamp="2017-05-19T01:56:22" hostname="ip-172-31-29-75" time="0.007">
  <properties/>
  <testcase name="shouldUploadFile" classname="hello.FileUploadIntegrationTests" time="0.005"/>
  <testcase name="shouldDownloadFile" classname="hello.FileUploadIntegrationTests" time="0.001"/>
  <system-out><![CDATA[01:56:19.718 [Test worker] DEBUG org.springframework.test.context.junit4.SpringJUnit4ClassRunner - SpringJUnit4ClassRunner constructor called with [class hello.FileUploadIntegrationTests]
01:56:19.722 [Test worker] DEBUG org.springframework.test.context.BootstrapUtils - Instantiating CacheAwareContextLoaderDelegate from class [org.springframework.test.context.cache.DefaultCacheAwareContextLoaderDelegate]
01:56:19.729 [Test worker] DEBUG org.springframework.test.context.BootstrapUtils - Instantiating BootstrapContext using constructor [public org.springframework.test.context.support.DefaultBootstrapContext(java.lang.Class,org.springframework.test.context.CacheAwareContextLoaderDelegate)]
01:56:19.740 [Test worker] DEBUG org.springframework.test.context.BootstrapUtils - Instantiating TestContextBootstrapper for test class [hello.FileUploadIntegrationTests] from class [org.springframework.boot.test.context.SpringBootTestContextBootstrapper]
01:56:19.753 [Test worker] INFO org.springframework.boot.test.context.SpringBootTestContextBootstrapper - Neither @ContextConfiguration nor @ContextHierarchy found for test class [hello.FileUploadIntegrationTests], using SpringBootContextLoader
01:56:19.756 [Test worker] DEBUG org.springframework.test.context.support.AbstractContextLoader - Did not detect default resource location for test class [hello.FileUploadIntegrationTests]: class path resource [hello/FileUploadIntegrationTests-context.xml] does not exist
01:56:19.757 [Test worker] DEBUG org.springframework.test.context.support.AbstractContextLoader - Did not detect default resource location for test class [hello.FileUploadIntegrationTests]: class path resource [hello/FileUploadIntegrationTestsContext.groovy] does not exist
01:56:19.757 [Test worker] INFO org.springframework.test.context.support.AbstractContextLoader - Could not detect default resource locations for test class [hello.FileUploadIntegrationTests]: no resource found for suffixes {-context.xml, Context.groovy}.
01:56:19.758 [Test worker] INFO org.springframework.test.context.support.AnnotationConfigContextLoaderUtils - Could not detect default configuration classes for test class [hello.FileUploadIntegrationTests]: FileUploadIntegrationTests does not declare any static, non-private, non-final, nested classes annotated with @Configuration.
01:56:19.788 [Test worker] DEBUG org.springframework.test.context.support.ActiveProfilesUtils - Could not find an 'annotation declaring class' for annotation type [org.springframework.test.context.ActiveProfiles] and class [hello.FileUploadIntegrationTests]
01:56:19.795 [Test worker] DEBUG org.springframework.core.env.StandardEnvironment - Adding [systemProperties] PropertySource with lowest search precedence
01:56:19.795 [Test worker] DEBUG org.springframework.core.env.StandardEnvironment - Adding [systemEnvironment] PropertySource with lowest search precedence
01:56:19.796 [Test worker] DEBUG org.springframework.core.env.StandardEnvironment - Initialized StandardEnvironment with PropertySources [systemProperties,systemEnvironment]
01:56:19.806 [Test worker] DEBUG org.springframework.core.io.support.PathMatchingResourcePatternResolver - Resolved classpath location [hello/] to resources [URL [file:/home/ubuntu/exp/gs-uploading-files/complete/build/classes/test/hello/], URL [file:/home/ubuntu/exp/gs-uploading-files/complete/build/resources/test/hello/], URL [file:/home/ubuntu/exp/gs-uploading-files/complete/build/classes/main/hello/]]
01:56:19.806 [Test worker] DEBUG org.springframework.core.io.support.PathMatchingResourcePatternResolver - Looking for matching resources in directory tree [/home/ubuntu/exp/gs-uploading-files/complete/build/classes/test/hello]
01:56:19.806 [Test worker] DEBUG org.springframework.core.io.support.PathMatchingResourcePatternResolver - Searching directory [/home/ubuntu/exp/gs-uploading-files/complete/build/classes/test/hello] for files matching pattern [/home/ubuntu/exp/gs-uploading-files/complete/build/classes/test/hello/*.class]
01:56:19.811 [Test worker] DEBUG org.springframework.core.io.support.PathMatchingResourcePatternResolver - Looking for matching resources in directory tree [/home/ubuntu/exp/gs-uploading-files/complete/build/resources/test/hello]
01:56:19.811 [Test worker] DEBUG org.springframework.core.io.support.PathMatchingResourcePatternResolver - Searching directory [/home/ubuntu/exp/gs-uploading-files/complete/build/resources/test/hello] for files matching pattern [/home/ubuntu/exp/gs-uploading-files/complete/build/resources/test/hello/*.class]
01:56:19.812 [Test worker] DEBUG org.springframework.core.io.support.PathMatchingResourcePatternResolver - Looking for matching resources in directory tree [/home/ubuntu/exp/gs-uploading-files/complete/build/classes/main/hello]
01:56:19.812 [Test worker] DEBUG org.springframework.core.io.support.PathMatchingResourcePatternResolver - Searching directory [/home/ubuntu/exp/gs-uploading-files/complete/build/classes/main/hello] for files matching pattern [/home/ubuntu/exp/gs-uploading-files/complete/build/classes/main/hello/*.class]
01:56:19.813 [Test worker] DEBUG org.springframework.core.io.support.PathMatchingResourcePatternResolver - Resolved location pattern [classpath*:hello/*.class] to resources [file [/home/ubuntu/exp/gs-uploading-files/complete/build/classes/test/hello/FileUploadIntegrationTests.class], file [/home/ubuntu/exp/gs-uploading-files/complete/build/classes/test/hello/FileUploadTests.class], file [/home/ubuntu/exp/gs-uploading-files/complete/build/classes/main/hello/Application.class], file [/home/ubuntu/exp/gs-uploading-files/complete/build/classes/main/hello/FileUploadController.class]]
01:56:19.875 [Test worker] DEBUG org.springframework.context.annotation.ClassPathScanningCandidateComponentProvider - Identified candidate component class: file [/home/ubuntu/exp/gs-uploading-files/complete/build/classes/main/hello/Application.class]
01:56:19.891 [Test worker] INFO org.springframework.boot.test.context.SpringBootTestContextBootstrapper - Found @SpringBootConfiguration hello.Application for test class hello.FileUploadIntegrationTests
01:56:19.896 [Test worker] DEBUG org.springframework.boot.test.context.SpringBootTestContextBootstrapper - @TestExecutionListeners is not present for class [hello.FileUploadIntegrationTests]: using defaults.
01:56:19.903 [Test worker] INFO org.springframework.boot.test.context.SpringBootTestContextBootstrapper - Loaded default TestExecutionListener class names from location [META-INF/spring.factories]: [org.springframework.boot.test.mock.mockito.MockitoTestExecutionListener, org.springframework.boot.test.mock.mockito.ResetMocksTestExecutionListener, org.springframework.boot.test.autoconfigure.restdocs.RestDocsTestExecutionListener, org.springframework.boot.test.autoconfigure.web.client.MockRestServiceServerResetTestExecutionListener, org.springframework.boot.test.autoconfigure.web.servlet.MockMvcPrintOnlyOnFailureTestExecutionListener, org.springframework.boot.test.autoconfigure.web.servlet.WebDriverTestExecutionListener, org.springframework.test.context.web.ServletTestExecutionListener, org.springframework.test.context.support.DirtiesContextBeforeModesTestExecutionListener, org.springframework.test.context.support.DependencyInjectionTestExecutionListener, org.springframework.test.context.support.DirtiesContextTestExecutionListener, org.springframework.test.context.transaction.TransactionalTestExecutionListener, org.springframework.test.context.jdbc.SqlScriptsTestExecutionListener]
01:56:19.917 [Test worker] INFO org.springframework.boot.test.context.SpringBootTestContextBootstrapper - Could not instantiate TestExecutionListener [org.springframework.test.context.jdbc.SqlScriptsTestExecutionListener]. Specify custom listener classes or make the default listener classes (and their required dependencies) available. Offending class: [org/springframework/transaction/interceptor/TransactionAttribute]
01:56:19.918 [Test worker] INFO org.springframework.boot.test.context.SpringBootTestContextBootstrapper - Could not instantiate TestExecutionListener [org.springframework.test.context.transaction.TransactionalTestExecutionListener]. Specify custom listener classes or make the default listener classes (and their required dependencies) available. Offending class: [org/springframework/transaction/TransactionDefinition]
01:56:19.920 [Test worker] INFO org.springframework.boot.test.context.SpringBootTestContextBootstrapper - Using TestExecutionListeners: [org.springframework.test.context.web.ServletTestExecutionListener@fa8dd5a, org.springframework.test.context.support.DirtiesContextBeforeModesTestExecutionListener@2fc872f5, org.springframework.boot.test.autoconfigure.SpringBootDependencyInjectionTestExecutionListener@52e3f2a5, org.springframework.test.context.support.DirtiesContextTestExecutionListener@6392c687, org.springframework.boot.test.autoconfigure.web.servlet.MockMvcPrintOnlyOnFailureTestExecutionListener@2a9985a2, org.springframework.boot.test.mock.mockito.ResetMocksTestExecutionListener@46aa05de, org.springframework.boot.test.autoconfigure.restdocs.RestDocsTestExecutionListener@b91a174, org.springframework.boot.test.autoconfigure.web.servlet.WebDriverTestExecutionListener@7ec2f87f, org.springframework.boot.test.autoconfigure.web.client.MockRestServiceServerResetTestExecutionListener@1890c690, org.springframework.boot.test.mock.mockito.MockitoTestExecutionListener@e02b4a9]
01:56:19.923 [Test worker] DEBUG org.springframework.test.annotation.ProfileValueUtils - Retrieved @ProfileValueSourceConfiguration [null] for test class [hello.FileUploadIntegrationTests]
01:56:19.923 [Test worker] DEBUG org.springframework.test.annotation.ProfileValueUtils - Retrieved ProfileValueSource type [class org.springframework.test.annotation.SystemProfileValueSource] for class [hello.FileUploadIntegrationTests]
01:56:19.924 [Test worker] DEBUG org.springframework.test.annotation.ProfileValueUtils - Retrieved @ProfileValueSourceConfiguration [null] for test class [hello.FileUploadIntegrationTests]
01:56:19.924 [Test worker] DEBUG org.springframework.test.annotation.ProfileValueUtils - Retrieved ProfileValueSource type [class org.springframework.test.annotation.SystemProfileValueSource] for class [hello.FileUploadIntegrationTests]
01:56:19.927 [Test worker] DEBUG org.springframework.test.context.support.AbstractDirtiesContextTestExecutionListener - Before test class: context [DefaultTestContext@e00cc96 testClass = FileUploadIntegrationTests, testInstance = [null], testMethod = [null], testException = [null], mergedContextConfiguration = [WebMergedContextConfiguration@2d6d9643 testClass = FileUploadIntegrationTests, locations = '{}', classes = '{class hello.Application}', contextInitializerClasses = '[]', activeProfiles = '{}', propertySourceLocations = '{}', propertySourceProperties = '{org.springframework.boot.test.context.SpringBootTestContextBootstrapper=true, server.port=0}', contextCustomizers = set[org.springframework.boot.test.context.SpringBootTestContextCustomizer@aba3426, org.springframework.boot.test.context.filter.ExcludeFilterContextCustomizer@4f903be5, org.springframework.boot.test.mock.mockito.MockitoContextCustomizer@269ba541, org.springframework.boot.test.autoconfigure.properties.PropertyMappingContextCustomizer@0, org.springframework.boot.test.autoconfigure.web.servlet.WebDriverContextCustomizerFactory$Customizer@68d6a6f2], resourceBasePath = 'src/main/webapp', contextLoader = 'org.springframework.boot.test.context.SpringBootContextLoader', parent = [null]]], class annotated with @DirtiesContext [false] with mode [null].
01:56:19.927 [Test worker] DEBUG org.springframework.test.annotation.ProfileValueUtils - Retrieved @ProfileValueSourceConfiguration [null] for test class [hello.FileUploadIntegrationTests]
01:56:19.927 [Test worker] DEBUG org.springframework.test.annotation.ProfileValueUtils - Retrieved ProfileValueSource type [class org.springframework.test.annotation.SystemProfileValueSource] for class [hello.FileUploadIntegrationTests]
01:56:19.928 [Test worker] DEBUG org.springframework.test.context.support.DependencyInjectionTestExecutionListener - Performing dependency injection for test context [[DefaultTestContext@e00cc96 testClass = FileUploadIntegrationTests, testInstance = hello.FileUploadIntegrationTests@2a7a335a, testMethod = [null], testException = [null], mergedContextConfiguration = [WebMergedContextConfiguration@2d6d9643 testClass = FileUploadIntegrationTests, locations = '{}', classes = '{class hello.Application}', contextInitializerClasses = '[]', activeProfiles = '{}', propertySourceLocations = '{}', propertySourceProperties = '{org.springframework.boot.test.context.SpringBootTestContextBootstrapper=true, server.port=0}', contextCustomizers = set[org.springframework.boot.test.context.SpringBootTestContextCustomizer@aba3426, org.springframework.boot.test.context.filter.ExcludeFilterContextCustomizer@4f903be5, org.springframework.boot.test.mock.mockito.MockitoContextCustomizer@269ba541, org.springframework.boot.test.autoconfigure.properties.PropertyMappingContextCustomizer@0, org.springframework.boot.test.autoconfigure.web.servlet.WebDriverContextCustomizerFactory$Customizer@68d6a6f2], resourceBasePath = 'src/main/webapp', contextLoader = 'org.springframework.boot.test.context.SpringBootContextLoader', parent = [null]]]].
01:56:19.970 [Test worker] DEBUG org.springframework.core.env.StandardEnvironment - Adding [systemProperties] PropertySource with lowest search precedence
01:56:19.970 [Test worker] DEBUG org.springframework.core.env.StandardEnvironment - Adding [systemEnvironment] PropertySource with lowest search precedence
01:56:19.972 [Test worker] DEBUG org.springframework.core.env.StandardEnvironment - Initialized StandardEnvironment with PropertySources [systemProperties,systemEnvironment]
01:56:19.973 [Test worker] DEBUG org.springframework.test.context.support.TestPropertySourceUtils - Adding inlined properties to environment: {spring.jmx.enabled=false, org.springframework.boot.test.context.SpringBootTestContextBootstrapper=true, server.port=0}
01:56:19.973 [Test worker] DEBUG org.springframework.core.env.StandardEnvironment - Adding [Inlined Test Properties] PropertySource with highest search precedence

  .   ____          _            __ _ _
 /\\ / ___'_ __ _ _(_)_ __  __ _ \ \ \ \
( ( )\___ | '_ | '_| | '_ \/ _` | \ \ \ \
 \\/  ___)| |_)| | | | | || (_| |  ) ) ) )
  '  |____| .__|_| |_|_| |_\__, | / / / /
 =========|_|==============|___/=/_/_/_/
 :: Spring Boot ::        (v1.5.3.RELEASE)

2017-05-19 01:56:20.237  INFO 10388 --- [    Test worker] hello.FileUploadIntegrationTests         : Starting FileUploadIntegrationTests on ip-172-31-29-75 with PID 10388 (started by ubuntu in /home/ubuntu/exp/gs-uploading-files/complete)
2017-05-19 01:56:20.239  INFO 10388 --- [    Test worker] hello.FileUploadIntegrationTests         : No active profile set, falling back to default profiles: default
2017-05-19 01:56:20.533  INFO 10388 --- [    Test worker] ationConfigEmbeddedWebApplicationContext : Refreshing org.springframework.boot.context.embedded.AnnotationConfigEmbeddedWebApplicationContext@2c6f5dc7: startup date [Fri May 19 01:56:20 UTC 2017]; root of context hierarchy
2017-05-19 01:56:21.815  INFO 10388 --- [    Test worker] s.b.c.e.t.TomcatEmbeddedServletContainer : Tomcat initialized with port(s): 0 (http)
2017-05-19 01:56:21.828  INFO 10388 --- [    Test worker] o.apache.catalina.core.StandardService   : Starting service Tomcat
2017-05-19 01:56:21.829  INFO 10388 --- [    Test worker] org.apache.catalina.core.StandardEngine  : Starting Servlet Engine: Apache Tomcat/8.5.14
2017-05-19 01:56:21.913  INFO 10388 --- [ost-startStop-1] o.a.c.c.C.[Tomcat].[localhost].[/]       : Initializing Spring embedded WebApplicationContext
2017-05-19 01:56:21.914  INFO 10388 --- [ost-startStop-1] o.s.web.context.ContextLoader            : Root WebApplicationContext: initialization completed in 1383 ms
2017-05-19 01:56:22.025  INFO 10388 --- [ost-startStop-1] o.s.b.w.servlet.ServletRegistrationBean  : Mapping servlet: 'dispatcherServlet' to [/]
2017-05-19 01:56:22.030  INFO 10388 --- [ost-startStop-1] o.s.b.w.servlet.FilterRegistrationBean   : Mapping filter: 'characterEncodingFilter' to: [/*]
2017-05-19 01:56:22.030  INFO 10388 --- [ost-startStop-1] o.s.b.w.servlet.FilterRegistrationBean   : Mapping filter: 'hiddenHttpMethodFilter' to: [/*]
2017-05-19 01:56:22.031  INFO 10388 --- [ost-startStop-1] o.s.b.w.servlet.FilterRegistrationBean   : Mapping filter: 'httpPutFormContentFilter' to: [/*]
2017-05-19 01:56:22.032  INFO 10388 --- [ost-startStop-1] o.s.b.w.servlet.FilterRegistrationBean   : Mapping filter: 'requestContextFilter' to: [/*]
2017-05-19 01:56:22.315  INFO 10388 --- [    Test worker] s.w.s.m.m.a.RequestMappingHandlerAdapter : Looking for @ControllerAdvice: org.springframework.boot.context.embedded.AnnotationConfigEmbeddedWebApplicationContext@2c6f5dc7: startup date [Fri May 19 01:56:20 UTC 2017]; root of context hierarchy
2017-05-19 01:56:22.380  INFO 10388 --- [    Test worker] s.w.s.m.m.a.RequestMappingHandlerMapping : Mapped "{[/home]}" onto public java.lang.String hello.FileUploadController.home(java.lang.String,org.springframework.ui.Model)
2017-05-19 01:56:22.381  INFO 10388 --- [    Test worker] s.w.s.m.m.a.RequestMappingHandlerMapping : Mapped "{[/],methods=[GET]}" onto public java.lang.String hello.FileUploadController.listUploadedFiles(org.springframework.ui.Model) throws java.io.IOException
2017-05-19 01:56:22.381  INFO 10388 --- [    Test worker] s.w.s.m.m.a.RequestMappingHandlerMapping : Mapped "{[/files/{filename:.+}],methods=[GET]}" onto public org.springframework.http.ResponseEntity<org.springframework.core.io.Resource> hello.FileUploadController.serveFile(java.lang.String)
2017-05-19 01:56:22.382  INFO 10388 --- [    Test worker] s.w.s.m.m.a.RequestMappingHandlerMapping : Mapped "{[/],methods=[POST]}" onto public java.lang.String hello.FileUploadController.handleFileUpload(org.springframework.web.multipart.MultipartFile,org.springframework.web.multipart.MultipartFile,org.springframework.web.servlet.mvc.support.RedirectAttributes)
2017-05-19 01:56:22.386  INFO 10388 --- [    Test worker] s.w.s.m.m.a.RequestMappingHandlerMapping : Mapped "{[/error],produces=[text/html]}" onto public org.springframework.web.servlet.ModelAndView org.springframework.boot.autoconfigure.web.BasicErrorController.errorHtml(javax.servlet.http.HttpServletRequest,javax.servlet.http.HttpServletResponse)
2017-05-19 01:56:22.387  INFO 10388 --- [    Test worker] s.w.s.m.m.a.RequestMappingHandlerMapping : Mapped "{[/error]}" onto public org.springframework.http.ResponseEntity<java.util.Map<java.lang.String, java.lang.Object>> org.springframework.boot.autoconfigure.web.BasicErrorController.error(javax.servlet.http.HttpServletRequest)
2017-05-19 01:56:22.422  INFO 10388 --- [    Test worker] o.s.w.s.handler.SimpleUrlHandlerMapping  : Mapped URL path [/webjars/**] onto handler of type [class org.springframework.web.servlet.resource.ResourceHttpRequestHandler]
2017-05-19 01:56:22.422  INFO 10388 --- [    Test worker] o.s.w.s.handler.SimpleUrlHandlerMapping  : Mapped URL path [/**] onto handler of type [class org.springframework.web.servlet.resource.ResourceHttpRequestHandler]
2017-05-19 01:56:22.463  INFO 10388 --- [    Test worker] o.s.w.s.handler.SimpleUrlHandlerMapping  : Mapped URL path [/**/favicon.ico] onto handler of type [class org.springframework.web.servlet.resource.ResourceHttpRequestHandler]
2017-05-19 01:56:22.945  INFO 10388 --- [    Test worker] s.b.c.e.t.TomcatEmbeddedServletContainer : Tomcat started on port(s): 45260 (http)
2017-05-19 01:56:22.954  INFO 10388 --- [    Test worker] hello.FileUploadIntegrationTests         : Started FileUploadIntegrationTests in 2.978 seconds (JVM running for 3.787)
]]></system-out>
  <system-err><![CDATA[]]></system-err>
</testsuite>
